This file contains any messages produced by compilers while
running configure, to aid debugging if configure makes a mistake.

It was created by HelloWorld-withlocales configure 1.0.0_alpha, which was
generated by GNU Autoconf 2.69.  Invocation command line was

  $ ./configure 

## --------- ##
## Platform. ##
## --------- ##

hostname = YUDEN-HOME
uname -m = x86_64
uname -r = 4.4.0-43-Microsoft
uname -s = Linux
uname -v = #1-Microsoft Wed Dec 31 14:42:53 PST 2014

/usr/bin/uname -p = unknown
/bin/uname -X     = unknown

/bin/arch              = unknown
/usr/bin/arch -k       = unknown
/usr/convex/getsysinfo = unknown
/usr/bin/hostinfo      = unknown
/bin/machine           = unknown
/usr/bin/oslevel       = unknown
/bin/universe          = unknown

PATH: /usr/local/sbin
PATH: /usr/local/bin
PATH: /usr/sbin
PATH: /usr/bin
PATH: /sbin
PATH: /bin
PATH: /usr/games
PATH: /usr/local/games
PATH: /mnt/c/Program Files/ConEmu/ConEmu/Scripts
PATH: /mnt/c/Program Files/ConEmu
PATH: /mnt/c/Program Files/ConEmu/ConEmu
PATH: /mnt/c/Program Files (x86)/Windows Resource Kits/Tools
PATH: /mnt/c/Windows/System32
PATH: /mnt/c/Windows
PATH: /mnt/c/Windows/System32/wbem
PATH: /mnt/c/Windows/System32/WindowsPowerShell/v1.0
PATH: /mnt/c/Program Files (x86)/Cyberduck CLI
PATH: /mnt/c/Elevation
PATH: /mnt/c/ProgramData/chocolatey/bin
PATH: /mnt/c/Util
PATH: /mnt/c/Program Files/OpenSSH-Win64
PATH: /mnt/c/Users/yuden/AppData/Local/Microsoft/WindowsApps
PATH: /snap/bin


## ----------- ##
## Core tests. ##
## ----------- ##

configure:1768: checking for a BSD-compatible install
configure:1836: result: /usr/bin/install -c
configure:1847: checking whether build environment is sane
configure:1902: result: yes
configure:2053: checking for a thread-safe mkdir -p
configure:2092: result: /bin/mkdir -p
configure:2099: checking for gawk
configure:2115: found /usr/bin/gawk
configure:2126: result: gawk
configure:2137: checking whether make sets $(MAKE)
configure:2159: result: yes
configure:2188: checking whether make supports nested variables
configure:2205: result: yes
configure:2486: checking that generated files are newer than configure
configure:2492: result: done
configure:2500: creating ./config.status

## ---------------------- ##
## Running config.status. ##
## ---------------------- ##

This file was extended by HelloWorld-withlocales config.status 1.0.0_alpha, which was
generated by GNU Autoconf 2.69.  Invocation command line was

  CONFIG_FILES    = 
  CONFIG_HEADERS  = 
  CONFIG_LINKS    = 
  CONFIG_COMMANDS = 
  $ ./config.status 

on YUDEN-HOME

config.status:745: creating Makefile
config.status:745: creating bin/Makefile

## ---------------- ##
## Cache variables. ##
## ---------------- ##

ac_cv_env_build_alias_set=
ac_cv_env_build_alias_value=
ac_cv_env_host_alias_set=
ac_cv_env_host_alias_value=
ac_cv_env_target_alias_set=
ac_cv_env_target_alias_value=
ac_cv_path_install='/usr/bin/install -c'
ac_cv_path_mkdir=/bin/mkdir
ac_cv_prog_AWK=gawk
ac_cv_prog_make_make_set=yes
am_cv_make_support_nested_variables=yes

## ----------------- ##
## Output variables. ##
## ----------------- ##

ACLOCAL='${SHELL} /home/yuden/GitHub/bash-hello-world-with-locales/PACKAGE-SOURCE/missing aclocal-1.15'
AMTAR='$${TAR-tar}'
AM_BACKSLASH='\'
AM_DEFAULT_V='$(AM_DEFAULT_VERBOSITY)'
AM_DEFAULT_VERBOSITY='1'
AM_V='$(V)'
AUTOCONF='${SHELL} /home/yuden/GitHub/bash-hello-world-with-locales/PACKAGE-SOURCE/missing autoconf'
AUTOHEADER='${SHELL} /home/yuden/GitHub/bash-hello-world-with-locales/PACKAGE-SOURCE/missing autoheader'
AUTOMAKE='${SHELL} /home/yuden/GitHub/bash-hello-world-with-locales/PACKAGE-SOURCE/missing automake-1.15'
AWK='gawk'
CYGPATH_W='echo'
DEFS='-DPACKAGE_NAME=\"HelloWorld-withlocales\" -DPACKAGE_TARNAME=\"helloworld-withlocales\" -DPACKAGE_VERSION=\"1.0.0_alpha\" -DPACKAGE_STRING=\"HelloWorld-withlocales\ 1.0.0_alpha\" -DPACKAGE_BUGREPORT=\"yudenisov@mail.ru\" -DPACKAGE_URL=\"\" -DPACKAGE=\"helloworld-withlocales\" -DVERSION=\"1.0.0_alpha\"'
ECHO_C=''
ECHO_N='-n'
ECHO_T=''
INSTALL_DATA='${INSTALL} -m 644'
INSTALL_PROGRAM='${INSTALL}'
INSTALL_SCRIPT='${INSTALL}'
INSTALL_STRIP_PROGRAM='$(install_sh) -c -s'
LIBOBJS=''
LIBS=''
LTLIBOBJS=''
MAKEINFO='${SHELL} /home/yuden/GitHub/bash-hello-world-with-locales/PACKAGE-SOURCE/missing makeinfo'
MKDIR_P='/bin/mkdir -p'
PACKAGE='helloworld-withlocales'
PACKAGE_BUGREPORT='yudenisov@mail.ru'
PACKAGE_NAME='HelloWorld-withlocales'
PACKAGE_STRING='HelloWorld-withlocales 1.0.0_alpha'
PACKAGE_TARNAME='helloworld-withlocales'
PACKAGE_URL=''
PACKAGE_VERSION='1.0.0_alpha'
PATH_SEPARATOR=':'
SET_MAKE=''
SHELL='/bin/bash'
STRIP=''
VERSION='1.0.0_alpha'
am__isrc=''
am__leading_dot='.'
am__tar='$${TAR-tar} chof - "$$tardir"'
am__untar='$${TAR-tar} xf -'
bindir='${exec_prefix}/bin'
build_alias=''
datadir='${datarootdir}'
datarootdir='${prefix}/share'
docdir='${datarootdir}/doc/${PACKAGE_TARNAME}'
dvidir='${docdir}'
exec_prefix='${prefix}'
host_alias=''
htmldir='${docdir}'
includedir='${prefix}/include'
infodir='${datarootdir}/info'
install_sh='${SHELL} /home/yuden/GitHub/bash-hello-world-with-locales/PACKAGE-SOURCE/install-sh'
libdir='${exec_prefix}/lib'
libexecdir='${exec_prefix}/libexec'
localedir='${datarootdir}/locale'
localstatedir='${prefix}/var'
mandir='${datarootdir}/man'
mkdir_p='$(MKDIR_P)'
oldincludedir='/usr/include'
pdfdir='${docdir}'
prefix='/usr/local'
program_transform_name='s,x,x,'
psdir='${docdir}'
runstatedir='${localstatedir}/run'
sbindir='${exec_prefix}/sbin'
sharedstatedir='${prefix}/com'
sysconfdir='${prefix}/etc'
target_alias=''

## ----------- ##
## confdefs.h. ##
## ----------- ##

/* confdefs.h */
#define PACKAGE_NAME "HelloWorld-withlocales"
#define PACKAGE_TARNAME "helloworld-withlocales"
#define PACKAGE_VERSION "1.0.0_alpha"
#define PACKAGE_STRING "HelloWorld-withlocales 1.0.0_alpha"
#define PACKAGE_BUGREPORT "yudenisov@mail.ru"
#define PACKAGE_URL ""
#define PACKAGE "helloworld-withlocales"
#define VERSION "1.0.0_alpha"

configure: exit 0
